0 info it worked if it ends with ok
1 verbose cli [ '/Users/yaoshun/.nvm/versions/node/v6.2.2/bin/node',
1 verbose cli   '/Users/yaoshun/.nvm/versions/node/v6.2.2/bin/npm',
1 verbose cli   'completion',
1 verbose cli   '--' ]
2 info using npm@3.9.5
3 info using node@v6.2.2
4 verbose stack TypeError: Cannot read property 'length' of undefined
4 verbose stack     at EventEmitter.completion (/Users/yaoshun/.nvm/versions/node/v6.2.2/lib/node_modules/npm/lib/completion.js:79:22)
4 verbose stack     at Object.commandCache.(anonymous function) (/Users/yaoshun/.nvm/versions/node/v6.2.2/lib/node_modules/npm/lib/npm.js:122:13)
4 verbose stack     at EventEmitter.<anonymous> (/Users/yaoshun/.nvm/versions/node/v6.2.2/lib/node_modules/npm/bin/npm-cli.js:73:30)
4 verbose stack     at _combinedTickCallback (internal/process/next_tick.js:67:7)
4 verbose stack     at process._tickCallback (internal/process/next_tick.js:98:9)
5 verbose cwd /Users/yaoshun/CODE/test/webpack-entry-adept
6 error Darwin 16.1.0
7 error argv "/Users/yaoshun/.nvm/versions/node/v6.2.2/bin/node" "/Users/yaoshun/.nvm/versions/node/v6.2.2/bin/npm" "completion" "--"
8 error node v6.2.2
9 error npm  v3.9.5
10 error Cannot read property 'length' of undefined
11 error If you need help, you may report this error at:
11 error     <https://github.com/npm/npm/issues>
12 verbose exit [ 1, true ]
